<?xml version="1.0" encoding="UTF-8"?>
<!-- Generated by org.testng.reporters.JUnitXMLReporter -->
<testsuite hostname="P506L3ZZ" ignored="0" name="Test_smoke" tests="1" failures="1" timestamp="17 八月 2019 09:41:52 GMT" time="0.027" errors="0">
  <testcase name="@BeforeClass setUp" time="0.0" classname="deveops.test">
    <failure type="org.testng.TestNGException" message="
Parameter &amp;apos;UserName&amp;apos; is required by BeforeClass on method setUp but has not been marked @Optional or defined
in E:\eclipse\workspace\deveops\src\test\java\deveops\testng.xml">
      <![CDATA[org.testng.TestNGException: 
Parameter 'UserName' is required by BeforeClass on method setUp but has not been marked @Optional or defined
in E:\eclipse\workspace\deveops\src\test\java\deveops\testng.xml
... Removed 23 stack frames]]>
    </failure>
  </testcase> <!-- @BeforeClass setUp -->
  <testcase name="@AfterClass tearDown" time="0.004" classname="deveops.test">
    <failure type="java.lang.NullPointerException">
      <![CDATA[java.lang.NullPointerException
at deveops.test.tearDown(test.java:78)
... Removed 26 stack frames]]>
    </failure>
  </testcase> <!-- @AfterClass tearDown -->
  <testcase name="apartment_slow" time="0.0" classname="deveops.test">
    <failure type="org.testng.TestNGException" message="
Parameter &amp;apos;num&amp;apos; is required by @Test on method apartment_slow but has not been marked @Optional or defined
in E:\eclipse\workspace\deveops\src\test\java\deveops\testng.xml">
      <![CDATA[org.testng.TestNGException: 
Parameter 'num' is required by @Test on method apartment_slow but has not been marked @Optional or defined
in E:\eclipse\workspace\deveops\src\test\java\deveops\testng.xml
... Removed 24 stack frames]]>
    </failure>
  </testcase> <!-- apartment_slow -->
</testsuite> <!-- Test_smoke -->
